[Licensing::Module] Trying to connect to existing licensing client channel...
Built from '6000.3/respin/6000.3.6f1-732c1ec89f18' branch; Version is '6000.3.6f1 (bbb010bdb8a3) revision 12300304'; Using compiler version '194234433'; Build Type 'Release'
[Licensing::IpcConnector] Successfully connected to: "LicenseClient-Maia" at "2026-02-12T10:55:14.6618587Z"
OS: 'Windows 11  (10.0.26200) CoreSingleLanguage' Language: 'ru' Physical Memory: 16085 MB
BatchMode: 1, IsHumanControllingUs: 0, StartBugReporterOnCrash: 0, Is64bit: 1
System  architecture: x64
Process architecture: x64
Date: 2026-02-12T10:55:14Z

COMMAND LINE ARGUMENTS:
C:\Program Files\Unity\Hub\Editor\6000.3.6f1\Editor\Unity.exe
-adb2
-batchMode
-noUpm
-name
AssetImportWorker4
-projectPath
C:/Data/Project/Shuter2d/Shuter2d
-logFile
Logs/AssetImportWorker4.log
-srvPort
51343
-licensingIpc
LicenseClient-Maia
-job-worker-count
5
-background-job-worker-count
8
-gc-helper-count
1
-name
AssetImport
Successfully changed project path to: C:/Data/Project/Shuter2d/Shuter2d
C:/Data/Project/Shuter2d/Shuter2d
[UnityMemory] Configuration Parameters - Can be set up in boot.config
    "memorysetup-temp-allocator-size-nav-mesh-worker=65536"
    "memorysetup-temp-allocator-size-audio-worker=65536"
    "memorysetup-temp-allocator-size-gfx=262144"
    "memorysetup-allocator-temp-initial-block-size-main=262144"
    "memorysetup-allocator-temp-initial-block-size-worker=262144"
    "memorysetup-temp-allocator-size-background-worker=32768"
    "memorysetup-temp-allocator-size-job-worker=262144"
    "memorysetup-temp-allocator-size-preload-manager=33554432"
    "memorysetup-temp-allocator-size-gi-baking-worker=262144"
    "memorysetup-temp-allocator-size-gi-baking-worker=262144"
    "memorysetup-temp-allocator-size-gi-baking-worker=262144"
    "memorysetup-temp-allocator-size-gi-baking-worker=262144"
    "memorysetup-temp-allocator-size-gi-baking-worker=262144"
    "memorysetup-bucket-allocator-granularity=16"
    "memorysetup-bucket-allocator-bucket-count=8"
    "memorysetup-bucket-allocator-block-size=33554432"
    "memorysetup-bucket-allocator-block-count=8"
    "memorysetup-main-allocator-block-size=16777216"
    "memorysetup-thread-allocator-block-size=16777216"
    "memorysetup-gfx-main-allocator-block-size=16777216"
    "memorysetup-gfx-thread-allocator-block-size=16777216"
    "memorysetup-cache-allocator-block-size=4194304"
    "memorysetup-typetree-allocator-block-size=2097152"
    "memorysetup-profiler-bucket-allocator-granularity=16"
    "memorysetup-profiler-bucket-allocator-bucket-count=8"
    "memorysetup-profiler-bucket-allocator-block-size=33554432"
    "memorysetup-profiler-bucket-allocator-block-count=8"
    "memorysetup-profiler-allocator-block-size=16777216"
    "memorysetup-profiler-editor-allocator-block-size=1048576"
    "memorysetup-temp-allocator-size-main=16777216"
    "memorysetup-job-temp-allocator-block-size=2097152"
    "memorysetup-job-temp-allocator-block-size-background=1048576"
    "memorysetup-job-temp-allocator-reduction-small-platforms=262144"
    "memorysetup-temp-allocator-size-cloud-worker=32768"
Player connection [11376]  Target information:

Player connection [11376]  * "[IP] 192.168.0.177 [Port] 0 [Flags] 2 [Guid] 627015762 [EditorId] 627015762 [Version] 1048832 [Id] WindowsEditor(7,Amiryan-Maia) [Debug] 1 [PackageName] WindowsEditor [ProjectName] Editor" 

Player connection [11376] Host joined multi-casting on [225.0.0.222:54997]...
Player connection [11376] Host joined alternative multi-casting on [225.0.0.222:34997]...
JobSystem: Creating JobQueue using job-worker-count value 5
Input System module state changed to: Initialized.
[Physics::Module] Initialized fallback backend.
[Physics::Module] Id: 0xdecafbad
Library Redirect Path: Library/
[Physics::Module] Selected backend.
[Physics::Module] Name: PhysX
[Physics::Module] Id: 0xf2b8ea05
[Physics::Module] SDK Version: 4.1.2
[Physics::Module] Integration Version: 1.0.0
[Physics::Module] Threading Mode: Multi-Threaded
Refreshing native plugins compatible for Editor in 386.89 ms, found 4 plugins.
Preloading 0 native plugins for Editor in 0.00 ms.
Initialize engine version: 6000.3.6f1 (bbb010bdb8a3)
[Subsystems] Discovering subsystems at path C:/Program Files/Unity/Hub/Editor/6000.3.6f1/Editor/Data/Resources/UnitySubsystems
[Subsystems] Discovering subsystems at path C:/Data/Project/Shuter2d/Shuter2d/Assets
GfxDevice: creating device client; kGfxThreadingModeNonThreaded
[Licensing::Client] Handshaking with LicensingClient:
  Version:                 1.17.4+4293ba1
  Session Id:              15c559b053474ae59d63658876b4db30
  Correlation Id:          89d7f193b37f57656ec7635822f21367
  External correlation Id: 5016500524193046101
  Machine Id:              W6AZmUDeXwqti+xMGyA0hINQYCM=
[Licensing::Module] Successfully connected to LicensingClient on channel: "LicenseClient-Maia" (connect: 0.00s, validation: 0.00s, handshake: 1.37s)
[Licensing::IpcConnector] Successfully connected to: "LicenseClient-Maia-notifications" at "2026-02-12T10:55:16.0389596Z"
[Licensing::Module] Licensing Background thread has ended after 1.38s
Direct3D:
    Version:  Direct3D 11.0 [level 11.1]
    Renderer: NVIDIA GeForce RTX 4050 Laptop GPU (ID=0x28a1)
    Vendor:   NVIDIA
    VRAM:     5920 MB
    Driver:   32.0.15.9174
Initialize mono
Mono path[0] = 'C:/Program Files/Unity/Hub/Editor/6000.3.6f1/Editor/Data/Managed'
Mono path[1] = 'C:/Program Files/Unity/Hub/Editor/6000.3.6f1/Editor/Data/MonoBleedingEdge/lib/mono/unityjit-win32'
Mono config path = 'C:/Program Files/Unity/Hub/Editor/6000.3.6f1/Editor/Data/MonoBleedingEdge/etc'
Using monoOptions --debugger-agent=transport=dt_socket,embedding=1,server=y,suspend=n,address=127.0.0.1:56180
Begin MonoManager ReloadAssembly
Registering precompiled unity dll's ...
Register platform support module: C:/Program Files/Unity/Hub/Editor/6000.3.6f1/Editor/Data/PlaybackEngines/WindowsStandaloneSupport/UnityEditor.WindowsStandalone.Extensions.dll
Registered in 1.176872 seconds.
- Loaded All Assemblies, in 57.012 seconds
Native extension for WindowsStandalone target not found
ScheduleIndexationOnStartup MainProcess:False IndexOnStartup:True
Mono: successfully reloaded assembly
- Finished resetting the current domain, in  0.531 seconds
Domain Reload Profiling: 57541ms
	BeginReloadAssembly (43580ms)
		ExecutionOrderSort (0ms)
		DisableScriptedObjects (0ms)
		BackupInstance (0ms)
		ReleaseScriptingObjects (0ms)
		CreateAndSetChildDomain (1ms)
	RebuildCommonClasses (3608ms)
	RebuildNativeTypeToScriptingClass (13ms)
	initialDomainReloadingComplete (1245ms)
	LoadAllAssembliesAndSetupDomain (8564ms)
		LoadAssemblies (43577ms)
		RebuildTransferFunctionScriptingTraits (0ms)
		AnalyzeDomain (8559ms)
			TypeCache.Refresh (8552ms)
				TypeCache.ScanAssembly (6391ms)
			BuildScriptInfoCaches (1ms)
			ResolveRequiredComponents (2ms)
	FinalizeReload (532ms)
		ReleaseScriptCaches (0ms)
		RebuildScriptCaches (0ms)
		SetupLoadedEditorAssemblies (475ms)
			LogAssemblyErrors (0ms)
			InitializePlatformSupportModulesInManaged (49ms)
			SetLoadedEditorAssemblies (5ms)
			BeforeProcessingInitializeOnLoad (95ms)
			ProcessInitializeOnLoadAttributes (179ms)
			ProcessInitializeOnLoadMethodAttributes (147ms)
			AfterProcessingInitializeOnLoad (0ms)
			EditorAssembliesLoaded (0ms)
		ExecutionOrderSort2 (0ms)
		AwakeInstancesAfterBackupRestoration (0ms)
Assembly reference Packages/com.unity.cinemachine/Editor/Samples/ExposeHDRPInternals/HDRP-Editor-ref.asmref has no target assembly definition
========================================================================
Worker process is ready to serve import requests
Import Worker Mode flag is 0x00
Assembly reference Packages/com.unity.cinemachine/Editor/Samples/ExposeHDRPInternals/HDRP-Editor-ref.asmref has no target assembly definition
Assembly reference Packages/com.unity.cinemachine/Editor/Samples/ExposeHDRPInternals/HDRP-Editor-ref.asmref has no target assembly definition
Begin MonoManager ReloadAssembly
[Licensing::Client] Successfully resolved entitlement details
[Licensing::Module] License group:
  Id: 7971683771575-UnityPersXXXX
  Product: Unity Personal
  Type: Assigned
  Expiration: Unlimited
- Loaded All Assemblies, in 49.281 seconds
Assembly reference Packages/com.unity.cinemachine/Editor/Samples/ExposeHDRPInternals/HDRP-Editor-ref.asmref has no target assembly definition
'Packages/com.unity.cinemachine/Editor/Obsolete/CinemachineVirtualCameraBaseEditor.cs' contains partial class of Unity.Object, exactly 1 of the partial classes needs to be in a file with the same filename. This is to know the one that can be referenced from ie. GameObjects
'Packages/com.unity.cinemachine/Editor/Editors/CinemachineVirtualCameraBaseEditor.cs' contains partial class of Unity.Object, exactly 1 of the partial classes needs to be in a file with the same filename. This is to know the one that can be referenced from ie. GameObjects
Refreshing native plugins compatible for Editor in 8.40 ms, found 4 plugins.
Native extension for WindowsStandalone target not found
Assembly reference Packages/com.unity.cinemachine/Editor/Samples/ExposeHDRPInternals/HDRP-Editor-ref.asmref has no target assembly definition
Package Manager log level set to [2]
[Package Manager] Failed to launch server process. Reason: Unity was launched with the -noUpm command-line argument
[Package Manager] Unable to send message (not connected to server process).
[Package Manager] Cannot connect to Unity Package Manager local server
[Package Manager] Failed to launch server process. Reason: Unity was launched with the -noUpm command-line argument
[Package Manager] Unable to send message (not connected to server process).
[Package Manager] Cannot connect to Unity Package Manager local server
ScheduleIndexationOnStartup MainProcess:False IndexOnStartup:True
Mono: successfully reloaded assembly
- Finished resetting the current domain, in  5.573 seconds
Domain Reload Profiling: 54846ms
	BeginReloadAssembly (415ms)
		ExecutionOrderSort (0ms)
		DisableScriptedObjects (14ms)
		BackupInstance (0ms)
		ReleaseScriptingObjects (0ms)
		CreateAndSetChildDomain (70ms)
	RebuildCommonClasses (93ms)
	RebuildNativeTypeToScriptingClass (69ms)
	initialDomainReloadingComplete (120ms)
	LoadAllAssembliesAndSetupDomain (48572ms)
		LoadAssemblies (46692ms)
		RebuildTransferFunctionScriptingTraits (0ms)
		AnalyzeDomain (2108ms)
			TypeCache.Refresh (1700ms)
				TypeCache.ScanAssembly (1639ms)
			BuildScriptInfoCaches (331ms)
			ResolveRequiredComponents (57ms)
	FinalizeReload (5577ms)
		ReleaseScriptCaches (0ms)
		RebuildScriptCaches (0ms)
		SetupLoadedEditorAssemblies (4342ms)
			LogAssemblyErrors (0ms)
			InitializePlatformSupportModulesInManaged (10ms)
			SetLoadedEditorAssemblies (14ms)
			BeforeProcessingInitializeOnLoad (1485ms)
			ProcessInitializeOnLoadAttributes (2025ms)
			ProcessInitializeOnLoadMethodAttributes (782ms)
			AfterProcessingInitializeOnLoad (25ms)
			EditorAssembliesLoaded (1ms)
		ExecutionOrderSort2 (0ms)
		AwakeInstancesAfterBackupRestoration (30ms)
Launched and connected shader compiler UnityShaderCompiler.exe after 0.09 seconds
Refreshing native plugins compatible for Editor in 10.57 ms, found 4 plugins.
Preloading 0 native plugins for Editor in 0.00 ms.
Unloading 17 Unused Serialized files (Serialized files now loaded: 0)
Unloading 7360 unused Assets / (3.8 MB). Loaded Objects now: 8192.
Memory consumption went from 156.0 MB to 152.2 MB.
Total: 37.001700 ms (FindLiveObjects: 5.871400 ms CreateObjectMapping: 1.786000 ms MarkObjects: 22.468600 ms  DeleteObjects: 6.873400 ms)

========================================================================
Received Import Request.
  Time since last request: 19459.094284 seconds.
  path: Assets/Samples/2D Tilemap Extras/6.0.1/Pipe Rule Tile/Tiles
  artifactKey: Guid(6b870e8ce62d6bf43b47ee78d6b786b1) Importer(2089858483,b0f066a214c2f5e87bad3c948f4d605d)
Start importing Assets/Samples/2D Tilemap Extras/6.0.1/Pipe Rule Tile/Tiles using Guid(6b870e8ce62d6bf43b47ee78d6b786b1) Importer(2089858483,b0f066a214c2f5e87bad3c948f4d605d) (ScriptedImporter) -> (artifact id: '2f020ed1f88f936d4cbca0c7c3d92f51') in 0.2214266 seconds
Number of updated asset objects reloaded before import = 0Number of asset objects unloaded after import = 1

========================================================================
Received Import Request.
  Time since last request: 0.000074 seconds.
  path: Assets/Samples/2D Tilemap Extras/6.0.1/Pipe Rule Tile/Tiles/Pipes.asset
  artifactKey: Guid(3866e832eb1cd4493870232771332091) Importer(2089858483,b0f066a214c2f5e87bad3c948f4d605d)
Start importing Assets/Samples/2D Tilemap Extras/6.0.1/Pipe Rule Tile/Tiles/Pipes.asset using Guid(3866e832eb1cd4493870232771332091) Importer(2089858483,b0f066a214c2f5e87bad3c948f4d605d) (ScriptedImporter) -> (artifact id: 'e681c284e80e619be2674ef5a550ab96') in 0.3184595 seconds
Number of updated asset objects reloaded before import = 0Number of asset objects unloaded after import = 7

========================================================================
Received Import Request.
  Time since last request: 206.733115 seconds.
  path: Assets/Scenes/LevelPlay.unity
  artifactKey: Guid(aa52b678ba28a6040848e210cb3c0378) Importer(2089858483,b0f066a214c2f5e87bad3c948f4d605d)
Start importing Assets/Scenes/LevelPlay.unity using Guid(aa52b678ba28a6040848e210cb3c0378) Importer(2089858483,b0f066a214c2f5e87bad3c948f4d605d) (ScriptedImporter) -> (artifact id: 'b6076533eeec4846233a2b3f69610d76') in 0.0347881 seconds
Number of updated asset objects reloaded before import = 0Number of asset objects unloaded after import = 1

========================================================================
Received Import Request.
  Time since last request: 91.528049 seconds.
  path: Assets/Scenes/LevelPlay.unity
  artifactKey: Guid(aa52b678ba28a6040848e210cb3c0378) Importer(2089858483,b0f066a214c2f5e87bad3c948f4d605d)
Start importing Assets/Scenes/LevelPlay.unity using Guid(aa52b678ba28a6040848e210cb3c0378) Importer(2089858483,b0f066a214c2f5e87bad3c948f4d605d) (ScriptedImporter) -> (artifact id: '4129397d4a7f33aa396c80f7e0e7d814') in 0.0376797 seconds
Number of updated asset objects reloaded before import = 0Number of asset objects unloaded after import = 1

========================================================================
Received Import Request.
  Time since last request: 10.269525 seconds.
  path: Assets/Scenes/LevelPlay.unity
  artifactKey: Guid(aa52b678ba28a6040848e210cb3c0378) Importer(2089858483,b0f066a214c2f5e87bad3c948f4d605d)
Start importing Assets/Scenes/LevelPlay.unity using Guid(aa52b678ba28a6040848e210cb3c0378) Importer(2089858483,b0f066a214c2f5e87bad3c948f4d605d) (ScriptedImporter) -> (artifact id: 'eae1dcbf3c97404fbb75f3e0108b083a') in 0.0435053 seconds
Number of updated asset objects reloaded before import = 0Number of asset objects unloaded after import = 1

========================================================================
Received Import Request.
  Time since last request: 117.489970 seconds.
  path: Assets/Pixel Adventure 1/Assets/Items/Boxes
  artifactKey: Guid(648ed3ed826419f4c96791acd0d924a3) Importer(815301076,1909f56bfc062723c751e8b465ee728b)
Start importing Assets/Pixel Adventure 1/Assets/Items/Boxes using Guid(648ed3ed826419f4c96791acd0d924a3) Importer(815301076,1909f56bfc062723c751e8b465ee728b) (PreviewImporter) -> (artifact id: '691bb996192ed2c490c2cb3aac40b503') in 0.0012019 seconds
Number of updated asset objects reloaded before import = 0Number of asset objects unloaded after import = 0

========================================================================
Received Import Request.
  Time since last request: 27.100549 seconds.
  path: Assets/LevelRuleTile.asset
  artifactKey: Guid(aabeda741a6fe984fa177f0c89388056) Importer(815301076,1909f56bfc062723c751e8b465ee728b)
Start importing Assets/LevelRuleTile.asset using Guid(aabeda741a6fe984fa177f0c89388056) Importer(815301076,1909f56bfc062723c751e8b465ee728b) (PreviewImporter) -> (artifact id: 'bcf876530b46919945dcff6cec70f3fa') in 0.0398282 seconds
Number of updated asset objects reloaded before import = 0Number of asset objects unloaded after import = 1

========================================================================
Received Import Request.
  Time since last request: 0.896818 seconds.
  path: Assets/LevelRuleTile.asset
  artifactKey: Guid(aabeda741a6fe984fa177f0c89388056) Importer(2089858483,b0f066a214c2f5e87bad3c948f4d605d)
Start importing Assets/LevelRuleTile.asset using Guid(aabeda741a6fe984fa177f0c89388056) Importer(2089858483,b0f066a214c2f5e87bad3c948f4d605d) (ScriptedImporter) -> (artifact id: '5422726568a03c16722847ab83b1d137') in 0.0643158 seconds
Number of updated asset objects reloaded before import = 0Number of asset objects unloaded after import = 1

========================================================================
Received Import Request.
  Time since last request: 8.334811 seconds.
  path: Assets/Pallete
  artifactKey: Guid(faa31112d9f31a349adae450d17d7ee5) Importer(815301076,1909f56bfc062723c751e8b465ee728b)
Start importing Assets/Pallete using Guid(faa31112d9f31a349adae450d17d7ee5) Importer(815301076,1909f56bfc062723c751e8b465ee728b) (PreviewImporter) -> (artifact id: '2434ec63122db790cbd96bd7c2bdc34a') in 0.0007558 seconds
Number of updated asset objects reloaded before import = 0Number of asset objects unloaded after import = 0

========================================================================
Received Import Request.
  Time since last request: 0.499724 seconds.
  path: Assets/Pallete/LevelRuleTile.asset
  artifactKey: Guid(aabeda741a6fe984fa177f0c89388056) Importer(2089858483,b0f066a214c2f5e87bad3c948f4d605d)
Start importing Assets/Pallete/LevelRuleTile.asset using Guid(aabeda741a6fe984fa177f0c89388056) Importer(2089858483,b0f066a214c2f5e87bad3c948f4d605d) (ScriptedImporter) -> (artifact id: '99895915dc48bd329917ea554b4165e7') in 0.0690922 seconds
Number of updated asset objects reloaded before import = 0Number of asset objects unloaded after import = 1

========================================================================
Received Import Request.
  Time since last request: 32.270496 seconds.
  path: Assets/Pallete/Terrain (16x16) 1.asset
  artifactKey: Guid(8ccd04c2fb581074db82b12b049c8581) Importer(815301076,1909f56bfc062723c751e8b465ee728b)
Start importing Assets/Pallete/Terrain (16x16) 1.asset using Guid(8ccd04c2fb581074db82b12b049c8581) Importer(815301076,1909f56bfc062723c751e8b465ee728b) (PreviewImporter) -> (artifact id: '34157fc32d307747aaf6a4729ae7999a') in 0.0952621 seconds
Number of updated asset objects reloaded before import = 0Number of asset objects unloaded after import = 3

========================================================================
Received Import Request.
  Time since last request: 0.221299 seconds.
  path: Assets/Pallete/New Tile Palette.prefab
  artifactKey: Guid(9622dcb367f241a44817d87c781cfd53) Importer(815301076,1909f56bfc062723c751e8b465ee728b)
Start importing Assets/Pallete/New Tile Palette.prefab using Guid(9622dcb367f241a44817d87c781cfd53) Importer(815301076,1909f56bfc062723c751e8b465ee728b) (PreviewImporter) -> (artifact id: '57e4c455a753a7d8f176ce87e64e1c0f') in 0.4712376 seconds
Number of updated asset objects reloaded before import = 0Number of asset objects unloaded after import = 299

========================================================================
Received Import Request.
  Time since last request: 6.969738 seconds.
  path: Assets/Pallete/Terrain (16x16)_130.asset
  artifactKey: Guid(1fc30f83e9ea8da4cb04f96d0d7373eb) Importer(815301076,1909f56bfc062723c751e8b465ee728b)
Start importing Assets/Pallete/Terrain (16x16)_130.asset using Guid(1fc30f83e9ea8da4cb04f96d0d7373eb) Importer(815301076,1909f56bfc062723c751e8b465ee728b) (PreviewImporter) -> (artifact id: 'fa2525c407189932922b09c2a75313e4') in 0.0385438 seconds
Number of updated asset objects reloaded before import = 0Number of asset objects unloaded after import = 3

========================================================================
Received Import Request.
  Time since last request: 16.323320 seconds.
  path: Assets/Pallete/Terrain (16x16)_142.asset
  artifactKey: Guid(5c0594aecc31b2a4dac7f289e675727a) Importer(815301076,1909f56bfc062723c751e8b465ee728b)
Start importing Assets/Pallete/Terrain (16x16)_142.asset using Guid(5c0594aecc31b2a4dac7f289e675727a) Importer(815301076,1909f56bfc062723c751e8b465ee728b) (PreviewImporter) -> (artifact id: '57d49caf14adb407e34ea80c59641105') in 0.0244123 seconds
Number of updated asset objects reloaded before import = 0Number of asset objects unloaded after import = 3

========================================================================
Received Import Request.
  Time since last request: 0.272594 seconds.
  path: Assets/Pallete/Terrain (16x16)_143.asset
  artifactKey: Guid(d9d300bad342536448daf1e5ab5840b0) Importer(815301076,1909f56bfc062723c751e8b465ee728b)
Start importing Assets/Pallete/Terrain (16x16)_143.asset using Guid(d9d300bad342536448daf1e5ab5840b0) Importer(815301076,1909f56bfc062723c751e8b465ee728b) (PreviewImporter) -> (artifact id: '59014374dd504ea18942da71dc483ea8') in 0.0250209 seconds
Number of updated asset objects reloaded before import = 0Number of asset objects unloaded after import = 3

========================================================================
Received Import Request.
  Time since last request: 27.818535 seconds.
  path: Assets/Pallete/New Tile Palette.prefab
  artifactKey: Guid(9622dcb367f241a44817d87c781cfd53) Importer(815301076,1909f56bfc062723c751e8b465ee728b)
Start importing Assets/Pallete/New Tile Palette.prefab using Guid(9622dcb367f241a44817d87c781cfd53) Importer(815301076,1909f56bfc062723c751e8b465ee728b) (PreviewImporter) -> (artifact id: 'fb3f46f42f30447f9c1d4dfe9b854495') in 0.0416473 seconds
Number of updated asset objects reloaded before import = 0Number of asset objects unloaded after import = 10

========================================================================
Received Import Request.
  Time since last request: 0.977541 seconds.
  path: Assets/Pallete/New Tile Palette.prefab
  artifactKey: Guid(9622dcb367f241a44817d87c781cfd53) Importer(815301076,1909f56bfc062723c751e8b465ee728b)
Start importing Assets/Pallete/New Tile Palette.prefab using Guid(9622dcb367f241a44817d87c781cfd53) Importer(815301076,1909f56bfc062723c751e8b465ee728b) (PreviewImporter) -> (artifact id: 'bc7541ab51b01c7a392ad94b7e259de8') in 0.079165 seconds
Number of updated asset objects reloaded before import = 0Number of asset objects unloaded after import = 299

========================================================================
Received Import Request.
  Time since last request: 0.852295 seconds.
  path: Assets/Pallete/New Tile Palette.prefab
  artifactKey: Guid(9622dcb367f241a44817d87c781cfd53) Importer(2089858483,b0f066a214c2f5e87bad3c948f4d605d)
Start importing Assets/Pallete/New Tile Palette.prefab using Guid(9622dcb367f241a44817d87c781cfd53) Importer(2089858483,b0f066a214c2f5e87bad3c948f4d605d) (ScriptedImporter) -> (artifact id: 'e9928e155f3950b688e8b423a8b56f91') in 0.0653005 seconds
Number of updated asset objects reloaded before import = 0Number of asset objects unloaded after import = 10

========================================================================
Received Import Request.
  Time since last request: 39.929587 seconds.
  path: Assets/Pixel Adventure 1/Assets/Terrain/Terrain Sliced (16x16).png
  artifactKey: Guid(fc584d329b77b9545b9c9c8bb829e553) Importer(815301076,1909f56bfc062723c751e8b465ee728b)
Start importing Assets/Pixel Adventure 1/Assets/Terrain/Terrain Sliced (16x16).png using Guid(fc584d329b77b9545b9c9c8bb829e553) Importer(815301076,1909f56bfc062723c751e8b465ee728b) (PreviewImporter) -> (artifact id: '90332bd243399354ed266f827aca1677') in 0.3137837 seconds
Number of updated asset objects reloaded before import = 0Number of asset objects unloaded after import = 146

========================================================================
Received Import Request.
  Time since last request: 0.394555 seconds.
  path: Assets/Pallete/Terrain (16x16)_140.asset
  artifactKey: Guid(9871096c92f0ed742896091be39f1d5b) Importer(815301076,1909f56bfc062723c751e8b465ee728b)
Start importing Assets/Pallete/Terrain (16x16)_140.asset using Guid(9871096c92f0ed742896091be39f1d5b) Importer(815301076,1909f56bfc062723c751e8b465ee728b) (PreviewImporter) -> (artifact id: 'ead26e2d800123aca9fad5dafdfc16fd') in 0.0449099 seconds
Number of updated asset objects reloaded before import = 0Number of asset objects unloaded after import = 3

========================================================================
Received Import Request.
  Time since last request: 0.105576 seconds.
  path: Assets/Pixel Adventure 1/Assets/Terrain/Terrain Sliced (16x16).png
  artifactKey: Guid(fc584d329b77b9545b9c9c8bb829e553) Importer(2089858483,b0f066a214c2f5e87bad3c948f4d605d)
Start importing Assets/Pixel Adventure 1/Assets/Terrain/Terrain Sliced (16x16).png using Guid(fc584d329b77b9545b9c9c8bb829e553) Importer(2089858483,b0f066a214c2f5e87bad3c948f4d605d) (ScriptedImporter) -> (artifact id: 'b64f95137b8e8083c553cf72a1b7f2b5') in 0.2236251 seconds
Number of updated asset objects reloaded before import = 0Number of asset objects unloaded after import = 146

========================================================================
Received Import Request.
  Time since last request: 13.638241 seconds.
  path: Assets/Pixel Adventure 1/Assets/Terrain/Terrain Sliced (16x16).png
  artifactKey: Guid(fc584d329b77b9545b9c9c8bb829e553) Importer(815301076,1909f56bfc062723c751e8b465ee728b)
Start importing Assets/Pixel Adventure 1/Assets/Terrain/Terrain Sliced (16x16).png using Guid(fc584d329b77b9545b9c9c8bb829e553) Importer(815301076,1909f56bfc062723c751e8b465ee728b) (PreviewImporter) -> (artifact id: '9ee338dd4432324004256c2970a5cf25') in 0.3015825 seconds
Number of updated asset objects reloaded before import = 0Number of asset objects unloaded after import = 146

========================================================================
Received Import Request.
  Time since last request: 0.592113 seconds.
  path: Assets/Pixel Adventure 1/Assets/Terrain/Terrain Sliced (16x16).png
  artifactKey: Guid(fc584d329b77b9545b9c9c8bb829e553) Importer(2089858483,b0f066a214c2f5e87bad3c948f4d605d)
Start importing Assets/Pixel Adventure 1/Assets/Terrain/Terrain Sliced (16x16).png using Guid(fc584d329b77b9545b9c9c8bb829e553) Importer(2089858483,b0f066a214c2f5e87bad3c948f4d605d) (ScriptedImporter) -> (artifact id: '6f39912c1ef289f89a6ba35162fe3dba') in 0.1388667 seconds
Number of updated asset objects reloaded before import = 0Number of asset objects unloaded after import = 146

========================================================================
Received Import Request.
  Time since last request: 199.291023 seconds.
  path: Assets/Pixel Adventure 1/Assets/Main Characters/Appearing (96x96).png
  artifactKey: Guid(3421078018dc3934a8c1ab3b7bf89aa0) Importer(815301076,1909f56bfc062723c751e8b465ee728b)
Start importing Assets/Pixel Adventure 1/Assets/Main Characters/Appearing (96x96).png using Guid(3421078018dc3934a8c1ab3b7bf89aa0) Importer(815301076,1909f56bfc062723c751e8b465ee728b) (PreviewImporter) -> (artifact id: 'd250b2e4c6934cfc18743e227a588b17') in 0.0670833 seconds
Number of updated asset objects reloaded before import = 0Number of asset objects unloaded after import = 9

========================================================================
Received Import Request.
  Time since last request: 2.610161 seconds.
  path: Assets/Pallete/New Tile Palette.prefab
  artifactKey: Guid(9622dcb367f241a44817d87c781cfd53) Importer(815301076,1909f56bfc062723c751e8b465ee728b)
Start importing Assets/Pallete/New Tile Palette.prefab using Guid(9622dcb367f241a44817d87c781cfd53) Importer(815301076,1909f56bfc062723c751e8b465ee728b) (PreviewImporter) -> (artifact id: 'a3f8f0679cd91b634be9b4eeff7ad60f') in 0.0739026 seconds
Number of updated asset objects reloaded before import = 0Number of asset objects unloaded after import = 299

========================================================================
Received Import Request.
  Time since last request: 22.877467 seconds.
  path: Assets/Pallete/Terrain (16x16)_8.asset
  artifactKey: Guid(296447dcee9f09a44bca9963d00a10f2) Importer(815301076,1909f56bfc062723c751e8b465ee728b)
Start importing Assets/Pallete/Terrain (16x16)_8.asset using Guid(296447dcee9f09a44bca9963d00a10f2) Importer(815301076,1909f56bfc062723c751e8b465ee728b) (PreviewImporter) -> (artifact id: '3a448b4a438c9ce2752eda30e902a3af') in 0.0318771 seconds
Number of updated asset objects reloaded before import = 0Number of asset objects unloaded after import = 3

========================================================================
Received Import Request.
  Time since last request: 0.541112 seconds.
  path: Assets/Pallete/Terrain (16x16)_9.asset
  artifactKey: Guid(87fcc5d04a33fee4989ec1e4d4e9864c) Importer(815301076,1909f56bfc062723c751e8b465ee728b)
Start importing Assets/Pallete/Terrain (16x16)_9.asset using Guid(87fcc5d04a33fee4989ec1e4d4e9864c) Importer(815301076,1909f56bfc062723c751e8b465ee728b) (PreviewImporter) -> (artifact id: '38c099b9005b555c3504d679daf5fc51') in 0.0427333 seconds
Number of updated asset objects reloaded before import = 0Number of asset objects unloaded after import = 3

========================================================================
Received Import Request.
  Time since last request: 0.692271 seconds.
  path: Assets/Pallete/Terrain (16x16)_12.asset
  artifactKey: Guid(978fd8d9463657e408fce9c44ad8903f) Importer(815301076,1909f56bfc062723c751e8b465ee728b)
Start importing Assets/Pallete/Terrain (16x16)_12.asset using Guid(978fd8d9463657e408fce9c44ad8903f) Importer(815301076,1909f56bfc062723c751e8b465ee728b) (PreviewImporter) -> (artifact id: 'a36bbb5d9f7279e379cc3d1503392290') in 0.0417094 seconds
Number of updated asset objects reloaded before import = 0Number of asset objects unloaded after import = 3

========================================================================
Received Import Request.
  Time since last request: 0.372595 seconds.
  path: Assets/Pallete/Terrain (16x16)_22.asset
  artifactKey: Guid(265855507471f5b4b9cb4a1fbe5a331b) Importer(815301076,1909f56bfc062723c751e8b465ee728b)
Start importing Assets/Pallete/Terrain (16x16)_22.asset using Guid(265855507471f5b4b9cb4a1fbe5a331b) Importer(815301076,1909f56bfc062723c751e8b465ee728b) (PreviewImporter) -> (artifact id: '6fc50ff635f309d104c8a04300f0ef83') in 0.0298497 seconds
Number of updated asset objects reloaded before import = 0Number of asset objects unloaded after import = 3

========================================================================
Received Import Request.
  Time since last request: 0.351349 seconds.
  path: Assets/Pallete/Terrain (16x16)_4.asset
  artifactKey: Guid(f53a81821f21db849bf91c9aec1a0cc2) Importer(815301076,1909f56bfc062723c751e8b465ee728b)
Start importing Assets/Pallete/Terrain (16x16)_4.asset using Guid(f53a81821f21db849bf91c9aec1a0cc2) Importer(815301076,1909f56bfc062723c751e8b465ee728b) (PreviewImporter) -> (artifact id: '5bc19b53f80671813dc06b7c911e4496') in 0.0507062 seconds
Number of updated asset objects reloaded before import = 0Number of asset objects unloaded after import = 3

========================================================================
Received Import Request.
  Time since last request: 0.408614 seconds.
  path: Assets/Pallete/Terrain (16x16)_3.asset
  artifactKey: Guid(d55cf98fa001b4f4d90a7a45c72f490f) Importer(815301076,1909f56bfc062723c751e8b465ee728b)
Start importing Assets/Pallete/Terrain (16x16)_3.asset using Guid(d55cf98fa001b4f4d90a7a45c72f490f) Importer(815301076,1909f56bfc062723c751e8b465ee728b) (PreviewImporter) -> (artifact id: '78c901108d8f242d4b804a45d7813284') in 0.0431474 seconds
Number of updated asset objects reloaded before import = 0Number of asset objects unloaded after import = 3

========================================================================
Received Import Request.
  Time since last request: 0.341836 seconds.
  path: Assets/Pallete/Terrain (16x16)_5.asset
  artifactKey: Guid(1e566f40af7149d49ae277dff4475e09) Importer(815301076,1909f56bfc062723c751e8b465ee728b)
Start importing Assets/Pallete/Terrain (16x16)_5.asset using Guid(1e566f40af7149d49ae277dff4475e09) Importer(815301076,1909f56bfc062723c751e8b465ee728b) (PreviewImporter) -> (artifact id: 'b7fd14503ef85687cfbe6ff3aab4bebc') in 0.0425421 seconds
Number of updated asset objects reloaded before import = 0Number of asset objects unloaded after import = 3

========================================================================
Received Import Request.
  Time since last request: 1.196844 seconds.
  path: Assets/Pallete/Terrain (16x16)_6.asset
  artifactKey: Guid(7d8031d4d9bcc644e80e78f4ffc7d4a9) Importer(815301076,1909f56bfc062723c751e8b465ee728b)
Start importing Assets/Pallete/Terrain (16x16)_6.asset using Guid(7d8031d4d9bcc644e80e78f4ffc7d4a9) Importer(815301076,1909f56bfc062723c751e8b465ee728b) (PreviewImporter) -> (artifact id: 'f4187b73755abeb7327309f2efd2eb46') in 0.0434929 seconds
Number of updated asset objects reloaded before import = 0Number of asset objects unloaded after import = 3

========================================================================
Received Import Request.
  Time since last request: 6.992781 seconds.
  path: Assets/Pallete/Terrain (16x16)_2.asset
  artifactKey: Guid(4aea9f47fe3c1104b90f49e4c480fb6b) Importer(815301076,1909f56bfc062723c751e8b465ee728b)
Start importing Assets/Pallete/Terrain (16x16)_2.asset using Guid(4aea9f47fe3c1104b90f49e4c480fb6b) Importer(815301076,1909f56bfc062723c751e8b465ee728b) (PreviewImporter) -> (artifact id: '430f61749f12a524f72f55c88f7900b6') in 0.048464 seconds
Number of updated asset objects reloaded before import = 0Number of asset objects unloaded after import = 3

========================================================================
Received Import Request.
  Time since last request: 8.059122 seconds.
  path: Assets/Enemy Galore 1 - Pixel Art/Sprites/Bat/Bat_Attack.png
  artifactKey: Guid(13e92c1d98e659941b362fa7c74445fa) Importer(815301076,1909f56bfc062723c751e8b465ee728b)
Start importing Assets/Enemy Galore 1 - Pixel Art/Sprites/Bat/Bat_Attack.png using Guid(13e92c1d98e659941b362fa7c74445fa) Importer(815301076,1909f56bfc062723c751e8b465ee728b) (PreviewImporter) -> (artifact id: 'eb6ce4c82b606245fe07c1a5e604b473') in 0.0521656 seconds
Number of updated asset objects reloaded before import = 0Number of asset objects unloaded after import = 9

========================================================================
Received Import Request.
  Time since last request: 0.000042 seconds.
  path: Assets/Enemy Galore 1 - Pixel Art/Sprites/Bat/Bat_Death.png
  artifactKey: Guid(68443b992fb0f5a469c8c52f3d22de74) Importer(815301076,1909f56bfc062723c751e8b465ee728b)
Start importing Assets/Enemy Galore 1 - Pixel Art/Sprites/Bat/Bat_Death.png using Guid(68443b992fb0f5a469c8c52f3d22de74) Importer(815301076,1909f56bfc062723c751e8b465ee728b) (PreviewImporter) -> (artifact id: '94f082fa4ee130415df663b8ce6d1a07') in 0.0543944 seconds
Number of updated asset objects reloaded before import = 0Number of asset objects unloaded after import = 13

========================================================================
Received Import Request.
  Time since last request: 0.000041 seconds.
  path: Assets/Enemy Galore 1 - Pixel Art/Sprites/Skull/Bones_SingleSkull_Death.png
  artifactKey: Guid(333670492a787154e93a3dd3f2956ada) Importer(815301076,1909f56bfc062723c751e8b465ee728b)
Start importing Assets/Enemy Galore 1 - Pixel Art/Sprites/Skull/Bones_SingleSkull_Death.png using Guid(333670492a787154e93a3dd3f2956ada) Importer(815301076,1909f56bfc062723c751e8b465ee728b) (PreviewImporter) -> (artifact id: 'a628255465696c83e45e767fc8f368c1') in 0.0540745 seconds
Number of updated asset objects reloaded before import = 0Number of asset objects unloaded after import = 12

========================================================================
Received Import Request.
  Time since last request: 0.000039 seconds.
  path: Assets/Enemy Galore 1 - Pixel Art/Sprites/Bat/Bat_Full.png
  artifactKey: Guid(4c92fdf190c298f43a958ea64410319e) Importer(815301076,1909f56bfc062723c751e8b465ee728b)
Start importing Assets/Enemy Galore 1 - Pixel Art/Sprites/Bat/Bat_Full.png using Guid(4c92fdf190c298f43a958ea64410319e) Importer(815301076,1909f56bfc062723c751e8b465ee728b) (PreviewImporter) -> (artifact id: '6e230b5363f14f59b1b62b0c84ffa1dc') in 0.0868255 seconds
Number of updated asset objects reloaded before import = 0Number of asset objects unloaded after import = 25

========================================================================
Received Import Request.
  Time since last request: 3.994604 seconds.
  path: Assets/Enemy Galore 1 - Pixel Art/Sprites/Skull/Bones_SingleSkull_Full.png
  artifactKey: Guid(64ad96356e64fc144985f65a85bc99dd) Importer(815301076,1909f56bfc062723c751e8b465ee728b)
Start importing Assets/Enemy Galore 1 - Pixel Art/Sprites/Skull/Bones_SingleSkull_Full.png using Guid(64ad96356e64fc144985f65a85bc99dd) Importer(815301076,1909f56bfc062723c751e8b465ee728b) (PreviewImporter) -> (artifact id: '147290aa5a6d8bc1eeb60ae54c3609d5') in 0.0728533 seconds
Number of updated asset objects reloaded before import = 0Number of asset objects unloaded after import = 28

========================================================================
Received Import Request.
  Time since last request: 0.000039 seconds.
  path: Assets/Enemy Galore 1 - Pixel Art/Sprites/Crab/Crab_Ability.png
  artifactKey: Guid(a26e7c276dacc394e84b073715964d62) Importer(815301076,1909f56bfc062723c751e8b465ee728b)
Start importing Assets/Enemy Galore 1 - Pixel Art/Sprites/Crab/Crab_Ability.png using Guid(a26e7c276dacc394e84b073715964d62) Importer(815301076,1909f56bfc062723c751e8b465ee728b) (PreviewImporter) -> (artifact id: '1a4f7d6d5427aaaaee687317f6299782') in 0.0470961 seconds
Number of updated asset objects reloaded before import = 0Number of asset objects unloaded after import = 12

========================================================================
Received Import Request.
  Time since last request: 0.000052 seconds.
  path: Assets/Enemy Galore 1 - Pixel Art/Sprites/Crab/Crab_AttackC_FX.png
  artifactKey: Guid(9164fca0983f5734bad23945fccd2e49) Importer(815301076,1909f56bfc062723c751e8b465ee728b)
Start importing Assets/Enemy Galore 1 - Pixel Art/Sprites/Crab/Crab_AttackC_FX.png using Guid(9164fca0983f5734bad23945fccd2e49) Importer(815301076,1909f56bfc062723c751e8b465ee728b) (PreviewImporter) -> (artifact id: '7a505d41f4719fd35624a0f93a3c6bb7') in 0.038939 seconds
Number of updated asset objects reloaded before import = 0Number of asset objects unloaded after import = 8

========================================================================
Received Import Request.
  Time since last request: 0.000034 seconds.
  path: Assets/Enemy Galore 1 - Pixel Art/Sprites/Crab/Crab_AttackC.png
  artifactKey: Guid(7c8902e8ebea147499b68bcb3cd51ec4) Importer(815301076,1909f56bfc062723c751e8b465ee728b)
Start importing Assets/Enemy Galore 1 - Pixel Art/Sprites/Crab/Crab_AttackC.png using Guid(7c8902e8ebea147499b68bcb3cd51ec4) Importer(815301076,1909f56bfc062723c751e8b465ee728b) (PreviewImporter) -> (artifact id: '946c4ca645f6251a4dcdb88aa8ff3d46') in 0.0491389 seconds
Number of updated asset objects reloaded before import = 0Number of asset objects unloaded after import = 13

========================================================================
Received Import Request.
  Time since last request: 0.000038 seconds.
  path: Assets/Pixel Adventure 1/Assets/Items/Fruits/Cherries.png
  artifactKey: Guid(3d6be91968cb95546ac95aeff5e52f84) Importer(815301076,1909f56bfc062723c751e8b465ee728b)
Start importing Assets/Pixel Adventure 1/Assets/Items/Fruits/Cherries.png using Guid(3d6be91968cb95546ac95aeff5e52f84) Importer(815301076,1909f56bfc062723c751e8b465ee728b) (PreviewImporter) -> (artifact id: '77bc40b91718f12890b2ef229e1b6641') in 0.0635601 seconds
Number of updated asset objects reloaded before import = 0Number of asset objects unloaded after import = 19

========================================================================
Received Import Request.
  Time since last request: 2.484793 seconds.
  path: Assets/Enemy Galore 1 - Pixel Art/Sprites/Crab/Crab_Full.png
  artifactKey: Guid(7fa445e39c7ef624587e3b7fb23ff552) Importer(815301076,1909f56bfc062723c751e8b465ee728b)
Start importing Assets/Enemy Galore 1 - Pixel Art/Sprites/Crab/Crab_Full.png using Guid(7fa445e39c7ef624587e3b7fb23ff552) Importer(815301076,1909f56bfc062723c751e8b465ee728b) (PreviewImporter) -> (artifact id: '08739f3cf2e574307abfa494318130e8') in 0.1233947 seconds
Number of updated asset objects reloaded before import = 0Number of asset objects unloaded after import = 49

========================================================================
Received Import Request.
  Time since last request: 0.000056 seconds.
  path: Assets/Enemy Galore 1 - Pixel Art/Sprites/Reinforced Golem/Golem_Armor_Ability.png
  artifactKey: Guid(f738d4160643ac1428a9cac4f9b6a39a) Importer(815301076,1909f56bfc062723c751e8b465ee728b)
Start importing Assets/Enemy Galore 1 - Pixel Art/Sprites/Reinforced Golem/Golem_Armor_Ability.png using Guid(f738d4160643ac1428a9cac4f9b6a39a) Importer(815301076,1909f56bfc062723c751e8b465ee728b) (PreviewImporter) -> (artifact id: '47f67d11ff3527ffe381f06964f9a9cf') in 0.0488915 seconds
Number of updated asset objects reloaded before import = 0Number of asset objects unloaded after import = 13

========================================================================
Received Import Request.
  Time since last request: 0.013770 seconds.
  path: Assets/Enemy Galore 1 - Pixel Art/Sprites/Reinforced Golem/Golem_Armor_AttackA.png
  artifactKey: Guid(38d9e19709461bc47bd5b6e570f9e4ed) Importer(815301076,1909f56bfc062723c751e8b465ee728b)
Start importing Assets/Enemy Galore 1 - Pixel Art/Sprites/Reinforced Golem/Golem_Armor_AttackA.png using Guid(38d9e19709461bc47bd5b6e570f9e4ed) Importer(815301076,1909f56bfc062723c751e8b465ee728b) (PreviewImporter) -> (artifact id: '949fa0ae54947fd44e6067006c22574a') in 0.0420495 seconds
Number of updated asset objects reloaded before import = 0Number of asset objects unloaded after import = 13

========================================================================
Received Import Request.
  Time since last request: 0.000053 seconds.
  path: Assets/Enemy Galore 1 - Pixel Art/Sprites/Reinforced Golem/Golem_Armor_AttackC.png
  artifactKey: Guid(273d82119a8c53f4ba15c517f58e978f) Importer(815301076,1909f56bfc062723c751e8b465ee728b)
Start importing Assets/Enemy Galore 1 - Pixel Art/Sprites/Reinforced Golem/Golem_Armor_AttackC.png using Guid(273d82119a8c53f4ba15c517f58e978f) Importer(815301076,1909f56bfc062723c751e8b465ee728b) (PreviewImporter) -> (artifact id: 'b04c885ea0b512ac56bf28da2474563e') in 0.0440196 seconds
Number of updated asset objects reloaded before import = 0Number of asset objects unloaded after import = 12

========================================================================
Received Import Request.
  Time since last request: 5.038165 seconds.
  path: Assets/Pixel Adventure 1/Assets/Traps/Rock Head/Blink (42x42).png
  artifactKey: Guid(e3e6b3d6c57dc7b488e7d1e8be902988) Importer(815301076,1909f56bfc062723c751e8b465ee728b)
Start importing Assets/Pixel Adventure 1/Assets/Traps/Rock Head/Blink (42x42).png using Guid(e3e6b3d6c57dc7b488e7d1e8be902988) Importer(815301076,1909f56bfc062723c751e8b465ee728b) (PreviewImporter) -> (artifact id: 'a94e2d6bf642627f869fb15f12ef0af3') in 0.0350565 seconds
Number of updated asset objects reloaded before import = 0Number of asset objects unloaded after import = 6

========================================================================
Received Import Request.
  Time since last request: 0.204538 seconds.
  path: Assets/Pixel Adventure 1/Assets/Traps/Fire/Hit (16x32).png
  artifactKey: Guid(573c22279c1eb734696548dfba41d021) Importer(815301076,1909f56bfc062723c751e8b465ee728b)
Start importing Assets/Pixel Adventure 1/Assets/Traps/Fire/Hit (16x32).png using Guid(573c22279c1eb734696548dfba41d021) Importer(815301076,1909f56bfc062723c751e8b465ee728b) (PreviewImporter) -> (artifact id: 'cfb0eeb2b24e25bdd72f44fb256690ec') in 0.0547672 seconds
Number of updated asset objects reloaded before import = 0Number of asset objects unloaded after import = 6

========================================================================
Received Import Request.
  Time since last request: 0.676386 seconds.
  path: Assets/Pixel Adventure 1/Assets/Traps/Fire/On (16x32).png
  artifactKey: Guid(3c112a44cc7dc7a468f4d132c2e7611c) Importer(815301076,1909f56bfc062723c751e8b465ee728b)
Start importing Assets/Pixel Adventure 1/Assets/Traps/Fire/On (16x32).png using Guid(3c112a44cc7dc7a468f4d132c2e7611c) Importer(815301076,1909f56bfc062723c751e8b465ee728b) (PreviewImporter) -> (artifact id: '82196b72886daa298784f59292aac78c') in 0.0339104 seconds
Number of updated asset objects reloaded before import = 0Number of asset objects unloaded after import = 5

Editor requested this worker to shutdown with reason: Scaling down because of idle timeout
AssetImportWorkerClient::OnTransportError - code=2 error=End of file
AssetImportWorker is now disconnected from the server
Process exiting
Exiting without the bug reporter. Application will terminate with return code 0